Bus Route model

Number of stations                    3
Destination  distribution   0.583   1.000
Mean interarrival time     0.071   0.100   0.042
Simulation duration                80.0 hours
Speed                            30.0 miles per hour
Idle time                 5.0 minutes



Report Bus Route Model
A.
Average number location queue 1 : 3.024
Maximum number location queue 1 : 14.000
Average number location queue 2 : 1.996
Maximum number location queue 2 : 10.000
Average number location queue 3 : 4.886
Maximum number location queue 3 : 20.000

B.
Average delay location queue 1 : 0.214
Maximum delay location queue 1 : 0.625
Average delay location queue 2 : 0.203
Maximum delay location queue 2 : 0.721
Average delay location queue 3 : 0.211
Maximum delay location queue 3 : 0.513

C.
Average number on the bus: 9.433
Maximum number on the bus: 20.000

D.
Average time stop in location 1: 0.089
Maximum time stop in location 1: 0.146
Minimum time stop in location 1: 0.083
Average time stop in location 2: 0.084
Maximum time stop in location 2: 0.114
Minimum time stop in location 2: 0.083
Average time stop in location 3: 0.128
Maximum time stop in location 3: 0.225
Minimum time stop in location 3: 0.083

E.
Average time to make a loop:	0.484
Maximum time to make a loop:	0.637
Minimum time to make a loop:	0.288


f.
Average time person in system from location 1: 0.537
Maximum time person in system from location 1: 0.962
Minimum time person in system from location 1: 0.288
Average time person in system from location 2: 0.447
Maximum time person in system from location 2: 0.982
Minimum time person in system from location 2: 0.185
Average time person in system from location 3: 0.319
Maximum time person in system from location 3: 0.718
Minimum time person in system from location 3: 0.017
